<?xml version="1.0" encoding="UTF-8"?>
<!-- Generated by org.testng.reporters.JUnitReportReporter -->
<testsuite hostname="Aketua" failures="0" tests="1" name="E2E.copart.HomePage" time="27.367" errors="0" timestamp="2020-05-31T13:31:11 PDT" skipped="0">
  <testcase classname="E2E.copart.HomePage" name="intialize" time="27.367"/>
  <system-out/>
</testsuite> <!-- E2E.copart.HomePage -->
