<?xml version="1.0" encoding="UTF-8"?>
<!-- Generated by org.testng.reporters.JUnitReportReporter -->
<testsuite hostname="Aketua" failures="0" tests="1" name="E2E.copart.ValidateLogo" time="0.183" errors="0" timestamp="2020-05-31T13:31:11 PDT" skipped="0">
  <testcase classname="E2E.copart.ValidateLogo" name="iconIsDisplayed" time="0.183"/>
  <system-out/>
</testsuite> <!-- E2E.copart.ValidateLogo -->
