<?xml version="1.0" encoding="UTF-8"?>
<!-- Generated by org.testng.reporters.JUnitReportReporter -->
<testsuite hostname="Aketua" failures="0" tests="1" name="cucumberOptions.TestRunner" time="12.550" errors="0" timestamp="2020-06-01T10:22:30 PDT" skipped="0">
  <testcase classname="cucumberOptions.TestRunner" name="runScenario" time="12.550"/>
  <system-out/>
</testsuite> <!-- cucumberOptions.TestRunner -->
