<?xml version="1.0" encoding="UTF-8"?>
<!-- Generated by org.testng.reporters.JUnitReportReporter -->
<testsuite hostname="Aketua" failures="0" tests="1" name="cucumberOptions.TestRunner" time="35.119" errors="0" timestamp="2020-06-01T19:01:47 PDT" skipped="0">
  <testcase classname="cucumberOptions.TestRunner" name="runScenario" time="35.119"/>
  <system-out/>
</testsuite> <!-- cucumberOptions.TestRunner -->
